<?xml version="1.0" encoding="UTF-8"?>
<testsuite name="cl.globallogic.demo.DemoApplicationTests" tests="1" skipped="0" failures="0" errors="0" timestamp="2019-12-08T05:43:32" hostname="everis-fvenegar" time="0.077">
  <properties/>
  <testcase name="contextLoads()" classname="cl.globallogic.demo.DemoApplicationTests" time="0.077"/>
  <system-out><![CDATA[02:43:27.017 [Test worker] DEBUG org.springframework.test.context.BootstrapUtils - Instantiating CacheAwareContextLoaderDelegate from class [org.springframework.test.context.cache.DefaultCacheAwareContextLoaderDelegate]
02:43:27.035 [Test worker] DEBUG org.springframework.test.context.BootstrapUtils - Instantiating BootstrapContext using constructor [public org.springframework.test.context.support.DefaultBootstrapContext(java.lang.Class,org.springframework.test.context.CacheAwareContextLoaderDelegate)]
02:43:27.066 [Test worker] DEBUG org.springframework.test.context.BootstrapUtils - Instantiating TestContextBootstrapper for test class [cl.globallogic.demo.DemoApplicationTests] from class [org.springframework.boot.test.context.SpringBootTestContextBootstrapper]
02:43:27.084 [Test worker] INFO org.springframework.boot.test.context.SpringBootTestContextBootstrapper - Neither @ContextConfiguration nor @ContextHierarchy found for test class [cl.globallogic.demo.DemoApplicationTests], using SpringBootContextLoader
02:43:27.089 [Test worker] DEBUG org.springframework.test.context.support.AbstractContextLoader - Did not detect default resource location for test class [cl.globallogic.demo.DemoApplicationTests]: class path resource [cl/globallogic/demo/DemoApplicationTests-context.xml] does not exist
02:43:27.090 [Test worker] DEBUG org.springframework.test.context.support.AbstractContextLoader - Did not detect default resource location for test class [cl.globallogic.demo.DemoApplicationTests]: class path resource [cl/globallogic/demo/DemoApplicationTestsContext.groovy] does not exist
02:43:27.090 [Test worker] INFO org.springframework.test.context.support.AbstractContextLoader - Could not detect default resource locations for test class [cl.globallogic.demo.DemoApplicationTests]: no resource found for suffixes {-context.xml, Context.groovy}.
02:43:27.092 [Test worker] INFO org.springframework.test.context.support.AnnotationConfigContextLoaderUtils - Could not detect default configuration classes for test class [cl.globallogic.demo.DemoApplicationTests]: DemoApplicationTests does not declare any static, non-private, non-final, nested classes annotated with @Configuration.
02:43:27.150 [Test worker] DEBUG org.springframework.test.context.support.ActiveProfilesUtils - Could not find an 'annotation declaring class' for annotation type [org.springframework.test.context.ActiveProfiles] and class [cl.globallogic.demo.DemoApplicationTests]
02:43:27.227 [Test worker] DEBUG org.springframework.context.annotation.ClassPathScanningCandidateComponentProvider - Identified candidate component class: file [/home/samerbiteXI/Documentos/demo/build/classes/java/main/cl/globallogic/demo/DemoApplication.class]
02:43:27.229 [Test worker] INFO org.springframework.boot.test.context.SpringBootTestContextBootstrapper - Found @SpringBootConfiguration cl.globallogic.demo.DemoApplication for test class cl.globallogic.demo.DemoApplicationTests
02:43:27.328 [Test worker] DEBUG org.springframework.boot.test.context.SpringBootTestContextBootstrapper - @TestExecutionListeners is not present for class [cl.globallogic.demo.DemoApplicationTests]: using defaults.
02:43:27.329 [Test worker] INFO org.springframework.boot.test.context.SpringBootTestContextBootstrapper - Loaded default TestExecutionListener class names from location [META-INF/spring.factories]: [org.springframework.boot.test.autoconfigure.restdocs.RestDocsTestExecutionListener, org.springframework.boot.test.autoconfigure.web.client.MockRestServiceServerResetTestExecutionListener, org.springframework.boot.test.autoconfigure.web.servlet.MockMvcPrintOnlyOnFailureTestExecutionListener, org.springframework.boot.test.autoconfigure.web.servlet.WebDriverTestExecutionListener, org.springframework.boot.test.mock.mockito.MockitoTestExecutionListener, org.springframework.boot.test.mock.mockito.ResetMocksTestExecutionListener, org.springframework.test.context.web.ServletTestExecutionListener, org.springframework.test.context.support.DirtiesContextBeforeModesTestExecutionListener, org.springframework.test.context.support.DependencyInjectionTestExecutionListener, org.springframework.test.context.support.DirtiesContextTestExecutionListener, org.springframework.test.context.transaction.TransactionalTestExecutionListener, org.springframework.test.context.jdbc.SqlScriptsTestExecutionListener, org.springframework.test.context.event.EventPublishingTestExecutionListener]
02:43:27.347 [Test worker] INFO org.springframework.boot.test.context.SpringBootTestContextBootstrapper - Using TestExecutionListeners: [org.springframework.test.context.web.ServletTestExecutionListener@171096ec, org.springframework.test.context.support.DirtiesContextBeforeModesTestExecutionListener@1a379efb, org.springframework.boot.test.mock.mockito.MockitoTestExecutionListener@1dde50f0, org.springframework.boot.test.autoconfigure.SpringBootDependencyInjectionTestExecutionListener@31f678bb, org.springframework.test.context.support.DirtiesContextTestExecutionListener@22c22f9f, org.springframework.test.context.transaction.TransactionalTestExecutionListener@424bd7a, org.springframework.test.context.jdbc.SqlScriptsTestExecutionListener@6b1224de, org.springframework.test.context.event.EventPublishingTestExecutionListener@69a3aaa7, org.springframework.boot.test.autoconfigure.restdocs.RestDocsTestExecutionListener@5aaecedb, org.springframework.boot.test.autoconfigure.web.client.MockRestServiceServerResetTestExecutionListener@7bc07799, org.springframework.boot.test.autoconfigure.web.servlet.MockMvcPrintOnlyOnFailureTestExecutionListener@18e98eb, org.springframework.boot.test.autoconfigure.web.servlet.WebDriverTestExecutionListener@750cfcef, org.springframework.boot.test.mock.mockito.ResetMocksTestExecutionListener@59783c83]
02:43:27.353 [Test worker] DEBUG org.springframework.test.context.support.AbstractDirtiesContextTestExecutionListener - Before test class: context [DefaultTestContext@7cd11ea4 testClass = DemoApplicationTests, testInstance = [null], testMethod = [null], testException = [null], mergedContextConfiguration = [WebMergedContextConfiguration@41c30c60 testClass = DemoApplicationTests, locations = '{}', classes = '{class cl.globallogic.demo.DemoApplication}', contextInitializerClasses = '[]', activeProfiles = '{}', propertySourceLocations = '{}', propertySourceProperties = '{org.springframework.boot.test.context.SpringBootTestContextBootstrapper=true}', contextCustomizers = set[org.springframework.boot.test.autoconfigure.properties.PropertyMappingContextCustomizer@0, org.springframework.boot.test.autoconfigure.web.servlet.WebDriverContextCustomizerFactory$Customizer@5cbba51c, org.springframework.boot.test.context.filter.ExcludeFilterContextCustomizer@18f9f06c, org.springframework.boot.test.json.DuplicateJsonObjectContextCustomizerFactory$DuplicateJsonObjectContextCustomizer@4313fc00, org.springframework.boot.test.mock.mockito.MockitoContextCustomizer@0, org.springframework.boot.test.web.client.TestRestTemplateContextCustomizer@7d81421e], resourceBasePath = 'src/main/webapp', contextLoader = 'org.springframework.boot.test.context.SpringBootContextLoader', parent = [null]], attributes = map['org.springframework.test.context.web.ServletTestExecutionListener.activateListener' -> true]], class annotated with @DirtiesContext [false] with mode [null].
02:43:27.390 [Test worker] DEBUG org.springframework.test.context.support.TestPropertySourceUtils - Adding inlined properties to environment: {spring.jmx.enabled=false, org.springframework.boot.test.context.SpringBootTestContextBootstrapper=true, server.port=-1}

  .   ____          _            __ _ _
 /\\ / ___'_ __ _ _(_)_ __  __ _ \ \ \ \
( ( )\___ | '_ | '_| | '_ \/ _` | \ \ \ \
 \\/  ___)| |_)| | | | | || (_| |  ) ) ) )
  '  |____| .__|_| |_|_| |_\__, | / / / /
 =========|_|==============|___/=/_/_/_/
 :: Spring Boot ::        (v2.2.2.RELEASE)

2019-12-08 02:43:27.680  INFO 12860 --- [    Test worker] c.globallogic.demo.DemoApplicationTests  : Starting DemoApplicationTests on everis-fvenegar with PID 12860 (started by samerbiteXI in /home/samerbiteXI/Documentos/demo)
2019-12-08 02:43:27.691  INFO 12860 --- [    Test worker] c.globallogic.demo.DemoApplicationTests  : No active profile set, falling back to default profiles: default
2019-12-08 02:43:28.667  INFO 12860 --- [    Test worker] .s.d.r.c.RepositoryConfigurationDelegate : Bootstrapping Spring Data JPA repositories in DEFAULT mode.
2019-12-08 02:43:28.769  INFO 12860 --- [    Test worker] .s.d.r.c.RepositoryConfigurationDelegate : Finished Spring Data repository scanning in 87ms. Found 1 JPA repository interfaces.
2019-12-08 02:43:29.249  INFO 12860 --- [    Test worker] trationDelegate$BeanPostProcessorChecker : Bean 'org.springframework.transaction.annotation.ProxyTransactionManagementConfiguration' of type [org.springframework.transaction.annotation.ProxyTransactionManagementConfiguration] is not eligible for getting processed by all BeanPostProcessors (for example: not eligible for auto-proxying)
2019-12-08 02:43:29.544  INFO 12860 --- [    Test worker] o.hibernate.jpa.internal.util.LogHelper  : HHH000204: Processing PersistenceUnitInfo [name: default]
2019-12-08 02:43:29.611  INFO 12860 --- [    Test worker] org.hibernate.Version                    : HHH000412: Hibernate Core {5.4.9.Final}
2019-12-08 02:43:29.833  INFO 12860 --- [    Test worker] o.hibernate.annotations.common.Version   : HCANN000001: Hibernate Commons Annotations {5.1.0.Final}
2019-12-08 02:43:29.962  INFO 12860 --- [    Test worker] com.zaxxer.hikari.HikariDataSource       : HikariPool-1 - Starting...
2019-12-08 02:43:30.252  INFO 12860 --- [    Test worker] com.zaxxer.hikari.HikariDataSource       : HikariPool-1 - Start completed.
2019-12-08 02:43:30.281  INFO 12860 --- [    Test worker] org.hibernate.dialect.Dialect            : HHH000400: Using dialect: org.hibernate.dialect.H2Dialect
Hibernate: drop table usuarios if exists
Hibernate: drop sequence if exists hibernate_sequence
Hibernate: create sequence hibernate_sequence start with 1 increment by 1
Hibernate: create table usuarios (id bigint not null, email varchar(255), name varchar(255), password varchar(255), primary key (id))
2019-12-08 02:43:31.112  INFO 12860 --- [    Test worker] o.h.e.t.j.p.i.JtaPlatformInitiator       : HHH000490: Using JtaPlatform implementation: [org.hibernate.engine.transaction.jta.platform.internal.NoJtaPlatform]
2019-12-08 02:43:31.120  INFO 12860 --- [    Test worker] j.LocalContainerEntityManagerFactoryBean : Initialized JPA EntityManagerFactory for persistence unit 'default'
2019-12-08 02:43:32.094  INFO 12860 --- [    Test worker] o.s.s.concurrent.ThreadPoolTaskExecutor  : Initializing ExecutorService 'applicationTaskExecutor'
2019-12-08 02:43:32.455  INFO 12860 --- [    Test worker] o.s.b.a.h2.H2ConsoleAutoConfiguration    : H2 console available at '/h2-console'. Database available at 'jdbc:h2:mem:testdb'
2019-12-08 02:43:32.577  INFO 12860 --- [    Test worker] c.globallogic.demo.DemoApplicationTests  : Started DemoApplicationTests in 5.178 seconds (JVM running for 6.42)
]]></system-out>
  <system-err><![CDATA[]]></system-err>
</testsuite>
